<?xml version="1.0" encoding="UTF-8"?>
<testsuite name="testing.JSONParserTest" tests="2" skipped="0" failures="0" errors="0" timestamp="2017-12-04T18:03:22" hostname="DESKTOP-CO2J425" time="0.098">
  <properties/>
  <testcase name="parseRepositoryContributionJsonTest" classname="testing.JSONParserTest" time="0.095"/>
  <testcase name="parseRepositoryJsonTest" classname="testing.JSONParserTest" time="0.002"/>
  <system-out><![CDATA[]]></system-out>
  <system-err><![CDATA[]]></system-err>
</testsuite>
