<?xml version="1.0" encoding="UTF-8"?>
<testsuite name="testing.MetricsTest" tests="4" skipped="0" failures="0" errors="0" timestamp="2017-12-04T18:04:30" hostname="DESKTOP-CO2J425" time="0.019">
  <properties/>
  <testcase name="startTest" classname="testing.MetricsTest" time="0.001"/>
  <testcase name="exceptionThrowForInstanceTest" classname="testing.MetricsTest" time="0.0"/>
  <testcase name="gatherMetricsTest" classname="testing.MetricsTest" time="0.018"/>
  <testcase name="stopTest" classname="testing.MetricsTest" time="0.0"/>
  <system-out><![CDATA[Execution time is -96 ms
Used memory is 4.919303894042969 mb
]]></system-out>
  <system-err><![CDATA[]]></system-err>
</testsuite>
